<?xml version="1.0" encoding="UTF-8"?>
<!-- Generated by org.testng.reporters.JUnitReportReporter -->
<testsuite hostname="DESKTOP-C3SV6CH" failures="0" tests="2" name="MavenDemo.SeleniumTest" time="0.021" errors="0" timestamp="2020-05-17T20:24:43 IST" skipped="0">
  <testcase classname="MavenDemo.SeleniumTest" name="sel2" time="0.003"/>
  <system-out/>
  <testcase classname="MavenDemo.SeleniumTest" name="sel1" time="0.018"/>
  <system-out/>
</testsuite> <!-- MavenDemo.SeleniumTest -->
