<?xml version="1.0" encoding="UTF-8"?>
<!-- Generated by org.testng.reporters.JUnitReportReporter -->
<testsuite hostname="DESKTOP-C3SV6CH" failures="0" tests="2" name="MavenDemo.AppiumTest" time="0.005" errors="0" timestamp="2020-05-17T20:24:43 IST" skipped="0">
  <testcase classname="MavenDemo.AppiumTest" name="app2" time="0.002"/>
  <system-out/>
  <testcase classname="MavenDemo.AppiumTest" name="app1" time="0.003"/>
  <system-out/>
</testsuite> <!-- MavenDemo.AppiumTest -->
