<?xml version="1.0" encoding="UTF-8"?>
<!-- Generated by org.testng.reporters.JUnitReportReporter -->
<testsuite hostname="DESKTOP-C3SV6CH" failures="0" tests="2" name="MavenDemo.RestAPITest" time="0.010" errors="0" timestamp="2020-05-17T20:24:43 IST" skipped="0">
  <testcase classname="MavenDemo.RestAPITest" name="rest1" time="0.004"/>
  <system-out/>
  <testcase classname="MavenDemo.RestAPITest" name="rest2" time="0.006"/>
  <system-out/>
</testsuite> <!-- MavenDemo.RestAPITest -->
