<?xml version="1.0" encoding="UTF-8"?>
<!-- Generated by org.testng.reporters.JUnitReportReporter -->
<testsuite hostname="DESKTOP-C3SV6CH" failures="0" tests="2" name="MavenDemo.RestAPITest" time="0.002" errors="0" timestamp="2020-05-17T23:13:38 IST" skipped="0">
  <testcase classname="MavenDemo.RestAPITest" name="rest1" time="0.001"/>
  <system-out/>
  <testcase classname="MavenDemo.RestAPITest" name="rest2" time="0.001"/>
  <system-out/>
</testsuite> <!-- MavenDemo.RestAPITest -->
