<?xml version="1.0" encoding="UTF-8"?>
<!-- Generated by org.testng.reporters.JUnitReportReporter -->
<testsuite hostname="DESKTOP-C3SV6CH" failures="0" tests="2" name="MavenDemo.AppiumTest" time="0.007" errors="0" timestamp="2020-05-17T23:13:38 IST" skipped="0">
  <testcase classname="MavenDemo.AppiumTest" name="app2" time="0.000"/>
  <system-out/>
  <testcase classname="MavenDemo.AppiumTest" name="app1" time="0.007"/>
  <system-out/>
</testsuite> <!-- MavenDemo.AppiumTest -->
