<?xml version="1.0" encoding="UTF-8"?>
<!-- Generated by org.testng.reporters.JUnitReportReporter -->
<testsuite hostname="DESKTOP-C3SV6CH" failures="0" tests="2" name="MavenDemo.SeleniumTest" time="0.001" errors="0" timestamp="2020-05-17T23:13:38 IST" skipped="0">
  <testcase classname="MavenDemo.SeleniumTest" name="sel1" time="0.001"/>
  <system-out/>
  <testcase classname="MavenDemo.SeleniumTest" name="sel2" time="0.000"/>
  <system-out/>
</testsuite> <!-- MavenDemo.SeleniumTest -->
